AH00558: apache2: Could not reliably determine the server's fully qualified domain name, using 172.20.0.4. Set the 'ServerName' directive globally to suppress this message
[Sun Dec 20 03:37:35.814423 2020] [mpm_prefork:notice] [pid 1] AH00163: Apache/2.4.38 (Debian) PHP/7.4.2 configured -- resuming normal operations
[Sun Dec 20 03:37:35.814521 2020] [core:notice] [pid 1] AH00094: Command line: 'apache2 -D FOREGROUND'
AH00558: apache2: Could not reliably determine the server's fully qualified domain name, using 172.20.0.3. Set the 'ServerName' directive globally to suppress this message
[Thu Dec 24 01:18:49.480366 2020] [mpm_prefork:notice] [pid 1] AH00163: Apache/2.4.38 (Debian) PHP/7.4.2 configured -- resuming normal operations
[Thu Dec 24 01:18:49.480484 2020] [core:notice] [pid 1] AH00094: Command line: 'apache2 -D FOREGROUND'
[Fri Dec 25 01:07:34.370352 2020] [mpm_prefork:notice] [pid 1] AH00170: caught SIGWINCH, shutting down gracefully
AH00558: apache2: Could not reliably determine the server's fully qualified domain name, using 172.20.0.3. Set the 'ServerName' directive globally to suppress this message
[Sat Dec 26 22:06:02.887828 2020] [mpm_prefork:notice] [pid 1] AH00163: Apache/2.4.38 (Debian) PHP/7.4.2 configured -- resuming normal operations
[Sat Dec 26 22:06:02.887940 2020] [core:notice] [pid 1] AH00094: Command line: 'apache2 -D FOREGROUND'
AH00558: apache2: Could not reliably determine the server's fully qualified domain name, using 172.20.0.3. Set the 'ServerName' directive globally to suppress this message
[Sat Dec 26 23:02:57.818854 2020] [mpm_prefork:notice] [pid 1] AH00163: Apache/2.4.38 (Debian) PHP/7.4.2 configured -- resuming normal operations
[Sat Dec 26 23:02:57.818998 2020] [core:notice] [pid 1] AH00094: Command line: 'apache2 -D FOREGROUND'
[Sat Dec 26 23:17:18.424436 2020] [mpm_prefork:notice] [pid 1] AH00170: caught SIGWINCH, shutting down gracefully
AH00558: apache2: Could not reliably determine the server's fully qualified domain name, using 172.20.0.3. Set the 'ServerName' directive globally to suppress this message
[Mon Dec 28 23:29:10.966947 2020] [mpm_prefork:notice] [pid 1] AH00163: Apache/2.4.38 (Debian) PHP/7.4.2 configured -- resuming normal operations
[Mon Dec 28 23:29:10.967093 2020] [core:notice] [pid 1] AH00094: Command line: 'apache2 -D FOREGROUND'
[Mon Dec 28 23:31:21.545555 2020] [mpm_prefork:notice] [pid 1] AH00170: caught SIGWINCH, shutting down gracefully
AH00558: apache2: Could not reliably determine the server's fully qualified domain name, using 172.20.0.2. Set the 'ServerName' directive globally to suppress this message
[Wed Mar 17 02:52:02.411095 2021] [mpm_prefork:notice] [pid 1] AH00163: Apache/2.4.38 (Debian) PHP/7.4.2 configured -- resuming normal operations
[Wed Mar 17 02:52:02.411287 2021] [core:notice] [pid 1] AH00094: Command line: 'apache2 -D FOREGROUND'
[Wed Mar 17 02:55:34.308868 2021] [mpm_prefork:notice] [pid 1] AH00170: caught SIGWINCH, shutting down gracefully
AH00558: apache2: Could not reliably determine the server's fully qualified domain name, using 172.20.0.4. Set the 'ServerName' directive globally to suppress this message
[Wed Mar 17 03:06:19.637585 2021] [mpm_prefork:notice] [pid 1] AH00163: Apache/2.4.38 (Debian) PHP/7.4.2 configured -- resuming normal operations
[Wed Mar 17 03:06:19.637718 2021] [core:notice] [pid 1] AH00094: Command line: 'apache2 -D FOREGROUND'
[Wed Mar 17 03:11:05.070068 2021] [mpm_prefork:notice] [pid 1] AH00170: caught SIGWINCH, shutting down gracefully
AH00558: apache2: Could not reliably determine the server's fully qualified domain name, using 172.20.0.4. Set the 'ServerName' directive globally to suppress this message
[Wed Mar 17 03:28:43.871388 2021] [mpm_prefork:notice] [pid 1] AH00163: Apache/2.4.38 (Debian) PHP/7.4.2 configured -- resuming normal operations
[Wed Mar 17 03:28:43.871516 2021] [core:notice] [pid 1] AH00094: Command line: 'apache2 -D FOREGROUND'
[Wed Mar 17 03:28:57.174426 2021] [mpm_prefork:notice] [pid 1] AH00170: caught SIGWINCH, shutting down gracefully
AH00558: apache2: Could not reliably determine the server's fully qualified domain name, using 172.20.0.3. Set the 'ServerName' directive globally to suppress this message
[Wed Mar 17 03:29:30.993441 2021] [mpm_prefork:notice] [pid 1] AH00163: Apache/2.4.38 (Debian) PHP/7.4.2 configured -- resuming normal operations
[Wed Mar 17 03:29:30.993562 2021] [core:notice] [pid 1] AH00094: Command line: 'apache2 -D FOREGROUND'
[Wed Mar 17 03:29:51.464864 2021] [mpm_prefork:notice] [pid 1] AH00170: caught SIGWINCH, shutting down gracefully
AH00558: apache2: Could not reliably determine the server's fully qualified domain name, using 172.20.0.4. Set the 'ServerName' directive globally to suppress this message
[Wed Mar 17 03:33:26.073707 2021] [mpm_prefork:notice] [pid 1] AH00163: Apache/2.4.38 (Debian) PHP/7.4.2 configured -- resuming normal operations
[Wed Mar 17 03:33:26.073877 2021] [core:notice] [pid 1] AH00094: Command line: 'apache2 -D FOREGROUND'
[Wed Mar 17 03:33:39.828157 2021] [mpm_prefork:notice] [pid 1] AH00170: caught SIGWINCH, shutting down gracefully
AH00558: apache2: Could not reliably determine the server's fully qualified domain name, using 172.19.0.4. Set the 'ServerName' directive globally to suppress this message
[Wed Mar 17 03:35:16.023733 2021] [mpm_prefork:notice] [pid 1] AH00163: Apache/2.4.38 (Debian) PHP/7.4.2 configured -- resuming normal operations
[Wed Mar 17 03:35:16.023848 2021] [core:notice] [pid 1] AH00094: Command line: 'apache2 -D FOREGROUND'
[Wed Mar 17 03:36:03.076212 2021] [mpm_prefork:notice] [pid 1] AH00170: caught SIGWINCH, shutting down gracefully
